SF:lib\providers\notification_providers.dart
DA:10,0
DA:12,0
DA:14,0
DA:15,0
DA:16,0
DA:18,0
DA:19,0
DA:23,0
DA:24,0
DA:27,0
DA:30,0
DA:31,0
DA:35,0
DA:36,0
DA:37,0
DA:39,0
DA:43,0
DA:44,0
DA:45,0
LF:19
LH:0
end_of_record
SF:lib\services\api.dart
DA:25,12
DA:26,8
DA:28,4
DA:34,0
DA:36,0
DA:38,0
DA:39,0
DA:44,0
DA:45,0
DA:46,0
DA:50,0
DA:54,0
DA:56,0
DA:57,0
DA:58,0
DA:59,0
DA:61,0
DA:63,0
DA:66,0
DA:70,0
DA:73,0
DA:74,0
DA:77,0
DA:80,0
DA:82,0
DA:83,0
DA:84,0
DA:86,0
DA:87,0
DA:89,0
DA:90,0
DA:93,0
DA:96,0
DA:100,0
DA:101,0
DA:103,0
DA:109,0
DA:110,0
DA:114,0
DA:116,0
DA:117,0
DA:120,0
DA:124,0
DA:131,0
DA:133,0
DA:134,0
DA:137,0
DA:141,0
DA:142,0
DA:146,0
DA:147,0
DA:148,0
DA:151,0
DA:154,0
DA:161,0
DA:162,0
DA:163,0
DA:166,0
DA:170,0
DA:171,0
DA:175,0
DA:176,0
DA:179,0
DA:180,0
DA:182,0
DA:183,0
DA:185,0
DA:186,0
DA:187,0
DA:190,0
DA:194,0
DA:196,0
DA:198,0
DA:199,0
DA:200,0
DA:203,0
DA:210,0
DA:213,0
DA:214,0
DA:217,0
DA:221,0
DA:223,0
DA:224,0
DA:226,0
DA:229,0
DA:233,0
DA:236,0
DA:238,0
DA:241,0
DA:245,0
DA:247,0
DA:248,0
DA:250,0
DA:253,0
DA:258,0
DA:261,0
DA:262,0
DA:265,0
DA:267,0
DA:272,0
DA:274,0
DA:275,0
DA:276,0
DA:278,0
DA:281,0
DA:285,0
DA:299,0
DA:301,0
DA:304,0
DA:306,0
DA:309,0
DA:310,0
DA:319,0
DA:322,0
DA:323,0
DA:324,0
DA:325,0
DA:328,0
DA:331,0
DA:354,0
DA:356,0
DA:358,0
DA:361,0
DA:365,0
DA:367,0
DA:368,0
DA:370,0
DA:373,0
DA:377,0
DA:380,0
DA:382,0
DA:385,0
DA:389,0
DA:391,0
DA:392,0
DA:394,0
DA:397,0
DA:401,0
DA:404,0
DA:406,0
DA:409,0
DA:414,0
DA:416,0
DA:417,0
DA:419,0
DA:422,0
DA:426,0
DA:429,0
DA:431,0
DA:433,0
DA:436,0
DA:440,0
DA:442,0
DA:443,0
DA:444,0
DA:447,0
DA:448,0
DA:451,0
DA:454,0
DA:458,0
DA:461,0
DA:463,0
DA:466,0
DA:471,0
DA:473,0
DA:474,0
DA:476,0
DA:477,0
DA:480,0
DA:484,0
DA:488,0
DA:491,0
DA:494,0
DA:500,0
DA:503,0
DA:504,0
DA:506,0
DA:509,0
DA:513,0
DA:515,0
DA:516,0
DA:519,0
DA:523,0
DA:525,0
DA:526,0
DA:527,0
DA:528,0
DA:532,0
DA:535,0
DA:539,0
DA:542,0
DA:544,0
DA:547,0
DA:552,0
DA:554,0
DA:555,0
DA:557,0
DA:560,0
DA:564,0
DA:567,0
DA:568,0
DA:571,0
DA:575,0
DA:576,0
DA:577,0
DA:579,0
DA:582,0
DA:583,0
DA:587,0
DA:589,0
DA:590,0
DA:591,0
DA:593,0
DA:594,0
DA:596,0
DA:598,0
DA:602,0
DA:604,0
DA:605,0
DA:607,0
DA:608,0
DA:609,0
DA:612,0
DA:613,0
DA:617,0
DA:618,0
DA:621,0
DA:624,0
DA:628,0
DA:629,0
DA:630,0
DA:631,0
DA:633,0
DA:636,0
DA:640,0
DA:642,0
DA:643,0
DA:649,0
DA:651,0
DA:652,0
DA:655,0
DA:658,0
DA:662,0
DA:676,0
DA:678,0
DA:681,0
DA:683,0
DA:684,0
DA:696,0
DA:697,0
DA:698,0
DA:700,0
DA:703,0
DA:707,0
DA:709,0
DA:710,0
DA:711,0
DA:714,0
DA:716,0
DA:717,0
DA:719,0
DA:720,0
DA:721,0
DA:729,0
DA:730,0
DA:732,0
DA:734,0
DA:736,0
DA:737,0
DA:739,0
DA:743,0
DA:746,0
DA:747,0
DA:758,0
DA:760,0
DA:761,0
DA:762,0
DA:764,0
DA:787,0
DA:789,0
DA:790,0
DA:791,0
DA:792,0
DA:795,0
DA:796,0
DA:798,0
DA:799,0
DA:801,0
DA:803,0
DA:804,0
DA:812,0
DA:813,0
DA:814,0
DA:815,0
DA:816,0
DA:818,0
DA:821,0
DA:825,1
DA:834,1
DA:836,1
DA:839,1
DA:842,1
DA:844,2
DA:847,1
DA:848,2
DA:852,1
DA:855,2
DA:858,1
DA:860,2
DA:861,0
DA:865,0
DA:866,0
DA:871,2
DA:872,0
DA:873,0
DA:874,0
DA:876,0
DA:880,2
DA:884,0
DA:887,0
DA:888,0
DA:891,0
DA:895,0
DA:896,0
DA:897,0
DA:899,0
DA:902,0
DA:906,0
DA:908,0
DA:909,0
DA:912,0
DA:915,0
DA:916,0
DA:917,0
DA:919,0
DA:922,0
DA:926,0
DA:929,0
DA:931,0
DA:933,0
DA:934,0
DA:940,0
DA:942,0
DA:943,0
DA:947,0
DA:948,0
DA:949,0
DA:962,0
DA:963,0
DA:966,0
DA:968,0
DA:969,0
DA:970,0
DA:972,0
DA:973,0
DA:975,0
DA:979,0
DA:981,0
DA:982,0
DA:983,0
DA:984,0
DA:985,0
DA:990,0
DA:991,0
DA:995,0
DA:998,0
DA:1000,0
DA:1003,0
DA:1007,0
DA:1009,0
DA:1010,0
DA:1012,0
DA:1013,0
DA:1016,0
DA:1020,0
DA:1023,0
DA:1025,0
DA:1028,0
DA:1032,0
DA:1034,0
DA:1035,0
DA:1037,0
DA:1038,0
DA:1041,0
DA:1045,0
DA:1050,0
DA:1052,0
DA:1055,0
DA:1059,0
DA:1061,0
DA:1062,0
DA:1064,0
DA:1065,0
DA:1068,0
DA:1072,0
DA:1075,0
DA:1077,0
DA:1080,0
DA:1084,0
DA:1086,0
DA:1087,0
DA:1089,0
DA:1090,0
DA:1093,0
DA:1097,0
DA:1099,0
DA:1101,0
DA:1104,0
DA:1108,0
DA:1110,0
DA:1111,0
DA:1112,0
DA:1115,0
DA:1116,0
DA:1118,0
DA:1121,0
DA:1125,0
DA:1129,0
DA:1131,0
DA:1134,0
DA:1137,0
DA:1138,0
DA:1140,0
DA:1141,0
DA:1143,0
DA:1144,0
DA:1145,0
DA:1146,0
DA:1149,0
DA:1150,0
DA:1151,0
DA:1155,0
DA:1159,0
DA:1161,0
DA:1164,0
DA:1167,0
DA:1170,0
DA:1173,0
DA:1176,0
DA:1178,0
DA:1179,0
DA:1181,0
DA:1184,0
DA:1188,0
DA:1191,0
DA:1193,0
DA:1196,0
DA:1201,0
DA:1203,0
DA:1204,0
DA:1206,0
DA:1209,0
DA:1213,0
DA:1216,0
DA:1218,0
DA:1221,0
DA:1226,0
DA:1228,0
DA:1229,0
DA:1231,0
DA:1234,0
DA:1238,0
DA:1239,0
DA:1241,0
DA:1244,0
DA:1247,0
DA:1248,0
DA:1249,0
DA:1250,0
DA:1251,0
DA:1253,0
DA:1254,0
DA:1257,0
LF:473
LH:17
end_of_record
SF:lib\providers\user_provider.dart
DA:21,2
DA:22,2
DA:23,2
DA:24,2
DA:25,2
DA:26,2
DA:27,2
DA:29,2
DA:31,1
DA:32,1
DA:33,0
DA:35,1
DA:38,1
DA:39,1
DA:40,1
DA:43,1
DA:44,1
DA:45,1
DA:48,1
DA:49,1
DA:50,1
DA:53,1
DA:54,1
DA:55,1
DA:58,1
DA:59,1
DA:60,1
DA:63,1
DA:64,1
DA:65,1
DA:68,1
DA:69,1
DA:70,1
DA:73,1
DA:74,1
DA:75,1
DA:78,1
DA:79,1
DA:80,1
DA:83,1
DA:93,1
DA:94,1
DA:95,1
DA:96,1
DA:97,1
DA:98,1
DA:99,1
DA:100,1
DA:103,1
DA:104,1
DA:105,1
DA:106,1
DA:107,1
DA:108,1
DA:109,1
DA:110,1
DA:111,1
DA:124,1
DA:127,12
DA:128,1
DA:129,1
DA:130,1
DA:131,1
DA:132,1
DA:133,1
DA:134,1
DA:139,1
DA:143,1
DA:145,1
DA:147,0
DA:151,1
DA:153,2
DA:155,2
DA:156,2
DA:157,1
DA:159,0
DA:160,0
DA:169,5
DA:171,3
DA:172,3
DA:173,3
DA:174,3
DA:183,5
DA:185,3
DA:186,3
DA:187,3
DA:188,3
DA:199,5
DA:206,3
DA:207,3
DA:208,3
DA:209,3
DA:210,3
DA:211,6
DA:222,1
DA:229,0
DA:230,0
DA:231,0
DA:232,0
DA:233,0
DA:234,0
DA:250,5
DA:262,3
DA:263,3
DA:264,3
DA:265,6
DA:266,6
DA:267,3
DA:268,3
DA:269,0
DA:271,3
DA:272,6
DA:273,3
DA:274,3
DA:284,4
DA:290,3
DA:291,3
DA:294,12
DA:296,3
DA:297,3
DA:298,3
LF:121
LH:110
end_of_record
SF:lib\providers\events_providers.dart
DA:17,1
DA:18,2
DA:19,3
DA:20,3
DA:24,1
DA:26,2
DA:27,1
DA:29,0
DA:33,0
DA:35,0
DA:36,0
DA:38,0
DA:41,0
DA:43,0
DA:44,0
DA:46,0
DA:49,1
DA:51,2
DA:53,0
DA:56,0
DA:58,0
DA:59,0
DA:61,0
DA:65,0
DA:67,0
DA:69,0
DA:73,0
DA:76,0
DA:78,0
DA:83,0
DA:86,0
DA:87,0
DA:90,0
DA:94,0
DA:95,0
DA:102,0
DA:103,0
DA:108,0
DA:109,0
DA:114,0
DA:117,0
DA:119,0
DA:124,0
DA:129,0
DA:131,0
DA:133,0
DA:136,1
DA:138,1
DA:140,0
DA:144,0
DA:146,0
DA:148,0
DA:152,0
DA:155,0
DA:157,0
DA:162,1
DA:164,1
DA:165,1
DA:166,1
DA:167,1
DA:170,0
DA:171,0
DA:172,0
DA:173,0
DA:177,1
DA:182,1
DA:183,1
DA:184,1
DA:187,0
DA:188,0
DA:189,0
DA:190,0
DA:195,0
DA:196,0
DA:197,0
DA:198,0
DA:203,0
DA:204,0
DA:205,0
DA:206,0
DA:212,0
DA:213,0
DA:214,0
DA:215,0
DA:219,0
DA:220,0
DA:221,0
DA:222,0
DA:226,0
DA:228,0
DA:229,0
DA:232,0
DA:235,0
DA:237,0
DA:238,0
DA:241,0
DA:254,1
DA:256,1
DA:257,4
DA:259,1
DA:260,1
DA:262,0
DA:265,0
DA:269,1
DA:271,1
DA:272,4
DA:273,1
DA:274,1
DA:276,0
DA:281,1
DA:283,1
DA:284,4
DA:286,2
DA:287,1
DA:290,0
DA:294,1
DA:296,1
DA:297,4
DA:299,1
DA:300,1
DA:303,0
DA:307,0
DA:309,0
DA:310,0
DA:311,0
DA:312,0
DA:314,0
DA:318,0
DA:320,0
DA:321,0
DA:322,0
DA:323,0
DA:325,0
DA:329,0
DA:331,0
DA:332,0
DA:333,0
DA:334,0
DA:336,0
DA:340,0
DA:343,0
DA:344,0
DA:348,0
DA:351,0
DA:354,0
DA:356,0
LF:146
LH:40
end_of_record
SF:lib\widgets\theme_manager.dart
DA:106,0
DA:108,0
DA:109,0
DA:110,0
DA:112,0
DA:113,0
DA:115,0
DA:117,0
DA:121,0
DA:122,0
DA:123,0
DA:124,0
DA:127,0
DA:128,0
DA:129,0
DA:130,0
LF:16
LH:0
end_of_record
SF:lib\exceptions\session_not_set_exception.dart
DA:3,0
DA:5,0
DA:6,0
DA:11,1
DA:13,0
DA:14,0
LF:6
LH:1
end_of_record
SF:lib\main.dart
DA:91,0
DA:92,0
DA:94,0
DA:95,0
DA:96,0
DA:97,0
DA:112,0
DA:113,0
DA:114,0
DA:115,0
DA:116,0
DA:117,0
DA:118,0
DA:120,0
DA:121,0
DA:123,0
DA:124,0
DA:126,0
DA:131,0
DA:132,0
DA:134,0
DA:139,0
DA:142,0
DA:144,0
DA:145,0
DA:146,0
DA:148,0
DA:149,0
DA:150,0
DA:151,0
DA:152,0
DA:153,0
DA:154,0
DA:156,0
DA:157,0
DA:158,0
DA:159,0
DA:160,0
DA:161,0
DA:162,0
DA:163,0
DA:164,0
DA:165,0
DA:166,0
DA:167,0
DA:168,0
LF:46
LH:0
end_of_record
SF:lib\pages\ManageGeneralApplicationsTabs.dart
DA:10,52
DA:12,2
DA:14,2
DA:16,2
DA:17,2
DA:47,27
DA:49,3
DA:51,3
DA:53,3
DA:54,3
DA:55,3
DA:56,6
DA:58,3
DA:59,0
DA:60,0
DA:62,3
DA:63,0
DA:64,0
DA:67,6
DA:68,3
DA:70,7
DA:71,3
DA:72,3
DA:73,3
DA:74,3
DA:75,3
DA:78,3
DA:80,3
DA:81,3
DA:82,3
DA:83,9
DA:84,2
DA:85,3
DA:90,3
DA:91,9
DA:94,0
DA:95,0
DA:97,0
DA:98,0
DA:106,0
DA:118,1
DA:120,1
DA:121,1
DA:127,1
DA:129,1
DA:131,1
DA:132,0
DA:133,1
DA:134,0
DA:135,1
DA:137,1
DA:139,1
DA:140,1
DA:147,1
DA:149,1
DA:151,1
DA:154,1
DA:156,1
DA:158,1
DA:165,1
DA:167,1
DA:168,6
DA:169,1
DA:170,0
DA:171,0
DA:172,0
DA:176,1
DA:178,1
DA:179,1
DA:181,1
DA:184,5
DA:187,1
DA:188,1
DA:189,4
DA:190,1
DA:192,1
DA:193,1
DA:195,1
DA:197,1
DA:198,1
DA:199,1
DA:200,1
DA:201,1
DA:202,1
DA:205,1
DA:209,1
DA:210,0
DA:211,0
DA:213,0
DA:214,0
DA:215,0
DA:231,1
DA:233,1
DA:234,1
DA:235,1
DA:236,5
DA:237,1
DA:239,1
DA:241,1
DA:242,1
DA:243,5
DA:246,1
DA:247,1
DA:248,5
DA:249,1
DA:258,1
DA:259,5
DA:260,0
DA:262,0
DA:265,0
DA:272,6
DA:273,1
DA:275,1
DA:277,1
DA:278,1
DA:279,0
DA:280,0
DA:282,1
DA:286,1
DA:291,0
DA:292,0
DA:294,0
DA:296,0
DA:297,0
DA:298,0
DA:299,0
DA:301,0
DA:305,0
DA:307,0
DA:308,0
DA:309,0
DA:311,0
DA:315,0
DA:386,0
DA:387,0
DA:388,0
DA:391,0
DA:392,0
DA:393,0
DA:394,0
DA:395,0
DA:396,0
DA:398,0
DA:399,0
DA:401,0
DA:403,0
DA:406,0
DA:407,0
DA:410,0
DA:411,0
DA:412,0
DA:415,0
DA:416,0
DA:420,0
DA:421,0
LF:155
LH:95
end_of_record
SF:lib\pages\application_event.dart
DA:33,0
DA:34,0
DA:95,0
DA:97,0
DA:98,0
DA:99,0
DA:101,0
DA:103,0
DA:104,0
DA:105,0
DA:106,0
DA:107,0
DA:108,0
DA:109,0
DA:110,0
DA:111,0
DA:115,0
DA:116,0
DA:128,0
DA:130,0
DA:131,0
DA:132,0
DA:133,0
DA:134,0
DA:135,0
DA:170,0
DA:171,0
DA:172,0
DA:173,0
DA:174,0
DA:175,0
DA:180,0
DA:181,0
DA:182,0
DA:183,0
DA:233,0
DA:234,0
DA:236,0
DA:239,0
DA:240,0
DA:241,0
DA:243,0
DA:244,0
DA:245,0
DA:246,0
DA:248,0
DA:256,0
DA:257,0
DA:259,0
DA:261,0
DA:262,0
DA:263,0
DA:264,0
DA:266,0
DA:267,0
DA:269,0
DA:272,0
DA:312,0
DA:313,0
DA:315,0
DA:316,0
DA:317,0
DA:318,0
DA:320,0
DA:321,0
DA:323,0
DA:324,0
DA:325,0
DA:326,0
DA:328,0
DA:331,0
DA:335,0
DA:336,0
DA:338,0
DA:339,0
DA:341,0
DA:343,0
DA:344,0
DA:346,0
DA:354,0
DA:355,0
DA:356,0
DA:358,0
DA:359,0
DA:360,0
DA:362,0
DA:364,0
DA:365,0
DA:367,0
DA:369,0
DA:370,0
DA:372,0
DA:380,0
DA:382,0
DA:383,0
DA:384,0
DA:386,0
DA:388,0
DA:389,0
DA:391,0
DA:393,0
DA:394,0
DA:396,0
DA:406,0
DA:408,0
DA:412,0
DA:413,0
DA:414,0
DA:417,0
DA:423,0
DA:425,0
DA:426,0
DA:427,0
DA:428,0
DA:429,0
DA:430,0
DA:431,0
DA:432,0
DA:434,0
DA:435,0
DA:436,0
DA:437,0
DA:438,0
DA:439,0
DA:440,0
DA:442,0
DA:447,0
DA:448,0
DA:449,0
DA:450,0
DA:451,0
DA:454,0
DA:455,0
DA:456,0
DA:457,0
DA:458,0
DA:460,0
DA:461,0
DA:462,0
DA:463,0
DA:464,0
DA:468,0
DA:469,0
DA:470,0
DA:471,0
DA:472,0
DA:473,0
DA:474,0
DA:476,0
DA:477,0
DA:478,0
DA:479,0
DA:482,0
DA:483,0
DA:484,0
DA:486,0
DA:487,0
DA:488,0
DA:489,0
DA:493,0
DA:495,0
DA:497,0
DA:498,0
DA:501,0
DA:502,0
DA:503,0
DA:504,0
DA:505,0
DA:508,0
DA:509,0
DA:516,0
DA:517,0
DA:518,0
DA:519,0
DA:521,0
DA:522,0
DA:524,0
DA:526,0
DA:527,0
DA:531,0
DA:532,0
DA:534,0
DA:536,0
DA:538,0
DA:539,0
DA:541,0
DA:542,0
DA:543,0
DA:547,0
DA:549,0
DA:553,0
DA:554,0
DA:555,0
DA:556,0
DA:557,0
DA:558,0
DA:559,0
DA:565,0
DA:566,0
DA:571,0
DA:572,0
DA:573,0
DA:574,0
DA:577,0
DA:578,0
DA:580,0
DA:582,0
DA:584,0
DA:585,0
DA:587,0
DA:588,0
DA:589,0
DA:593,0
DA:595,0
DA:599,0
DA:600,0
DA:601,0
DA:602,0
DA:603,0
DA:604,0
DA:605,0
DA:611,0
DA:612,0
DA:617,0
DA:618,0
DA:619,0
DA:620,0
DA:623,0
DA:652,0
DA:653,0
DA:654,0
DA:655,0
DA:656,0
DA:657,0
DA:658,0
DA:660,0
DA:661,0
DA:662,0
DA:663,0
DA:665,0
DA:666,0
DA:667,0
DA:668,0
DA:670,0
DA:671,0
DA:672,0
DA:673,0
DA:683,0
DA:684,0
DA:686,0
DA:687,0
DA:689,0
DA:690,0
DA:691,0
DA:692,0
DA:693,0
DA:694,0
DA:695,0
DA:699,0
DA:700,0
DA:703,0
DA:704,0
DA:706,0
DA:707,0
DA:710,0
DA:711,0
DA:712,0
DA:723,0
DA:724,0
DA:726,0
DA:727,0
DA:728,0
DA:730,0
DA:731,0
DA:732,0
DA:733,0
DA:738,0
DA:739,0
DA:740,0
DA:743,0
DA:744,0
DA:745,0
DA:746,0
DA:747,0
DA:748,0
DA:749,0
DA:751,0
DA:755,0
DA:757,0
DA:763,0
DA:764,0
DA:765,0
DA:766,0
DA:767,0
DA:771,0
DA:773,0
DA:774,0
DA:777,0
DA:778,0
DA:782,0
DA:783,0
DA:784,0
DA:786,0
DA:798,0
DA:799,0
DA:802,0
DA:803,0
DA:804,0
DA:805,0
DA:806,0
DA:813,0
DA:814,0
DA:818,0
LF:313
LH:0
end_of_record
SF:lib\pages\calendar_page.dart
DA:17,50
DA:19,0
DA:20,0
DA:25,0
DA:28,0
DA:30,0
DA:32,0
DA:34,0
DA:71,0
DA:73,0
DA:74,0
DA:76,0
DA:77,0
DA:79,0
DA:81,0
DA:83,0
DA:84,0
DA:85,0
DA:88,0
DA:89,0
DA:90,0
DA:95,0
DA:96,0
DA:97,0
DA:98,0
DA:99,0
DA:100,0
DA:101,0
DA:102,0
DA:103,0
DA:104,0
DA:105,0
DA:106,0
DA:107,0
DA:108,0
DA:109,0
DA:110,0
DA:111,0
DA:112,0
DA:113,0
DA:114,0
DA:115,0
DA:120,0
DA:122,0
DA:123,0
DA:124,0
DA:125,0
DA:126,0
DA:127,0
DA:128,0
DA:129,0
DA:130,0
DA:131,0
DA:132,0
DA:133,0
DA:134,0
DA:135,0
DA:136,0
DA:137,0
DA:138,0
DA:139,0
DA:141,0
DA:143,0
DA:146,0
DA:148,0
DA:150,0
DA:151,0
DA:152,0
DA:153,0
DA:155,0
DA:156,0
DA:159,0
DA:160,0
DA:161,0
DA:162,0
DA:163,0
DA:164,0
DA:165,0
DA:166,0
DA:167,0
DA:168,0
DA:169,0
DA:170,0
DA:171,0
DA:172,0
DA:173,0
DA:174,0
DA:175,0
DA:176,0
DA:177,0
DA:178,0
DA:181,0
DA:182,0
DA:184,0
DA:185,0
DA:186,0
DA:187,0
DA:188,0
DA:189,0
DA:190,0
DA:191,0
DA:192,0
DA:199,0
DA:200,0
DA:203,0
DA:204,0
DA:205,0
DA:206,0
DA:207,0
DA:213,0
DA:214,0
DA:217,0
DA:218,0
DA:221,0
DA:223,0
DA:224,0
DA:226,0
DA:227,0
DA:229,0
DA:251,0
DA:252,0
DA:258,0
DA:259,0
DA:262,0
DA:263,0
DA:269,0
DA:270,0
DA:271,0
DA:282,0
DA:283,0
DA:290,0
DA:291,0
DA:292,0
DA:293,0
DA:294,0
DA:295,0
DA:296,0
DA:297,0
DA:298,0
DA:299,0
DA:300,0
DA:301,0
DA:302,0
DA:303,0
DA:304,0
DA:305,0
DA:306,0
DA:322,0
DA:323,0
DA:324,0
DA:325,0
DA:326,0
DA:330,0
DA:333,0
DA:335,0
DA:337,0
DA:338,0
DA:341,0
DA:342,0
DA:343,0
DA:344,0
DA:350,0
DA:351,0
DA:354,0
DA:355,0
DA:356,0
DA:365,0
DA:366,0
DA:370,0
DA:375,0
DA:379,0
DA:380,0
DA:384,0
DA:385,0
DA:386,0
DA:394,0
DA:395,0
DA:398,0
DA:399,0
DA:400,0
DA:413,0
DA:415,0
DA:416,0
DA:417,0
DA:418,0
DA:420,0
DA:431,0
DA:432,0
DA:433,0
DA:434,0
DA:435,0
DA:436,0
DA:437,0
DA:439,0
DA:440,0
DA:441,0
DA:442,0
DA:443,0
DA:446,0
DA:447,0
DA:448,0
DA:449,0
DA:453,0
DA:454,0
DA:455,0
DA:456,0
DA:459,0
DA:460,0
DA:461,0
DA:462,0
DA:463,0
DA:466,0
DA:467,0
DA:469,0
DA:473,0
DA:474,0
DA:475,0
DA:505,0
DA:507,0
DA:509,0
DA:510,0
DA:519,0
DA:520,0
DA:526,0
DA:527,0
DA:528,0
DA:529,0
DA:530,0
DA:531,0
DA:534,0
DA:535,0
DA:536,0
DA:537,0
DA:538,0
DA:539,0
DA:540,0
LF:236
LH:1
end_of_record
SF:lib\pages\detailed_event_page.dart
DA:22,0
DA:24,0
DA:25,0
DA:35,0
DA:37,0
DA:38,0
DA:41,0
DA:42,0
DA:43,0
DA:44,0
DA:46,0
DA:48,0
DA:51,0
DA:52,0
DA:55,0
DA:56,0
DA:57,0
DA:58,0
DA:66,0
DA:67,0
DA:68,0
DA:72,0
DA:73,0
DA:74,0
DA:75,0
DA:77,0
DA:83,0
DA:88,0
DA:90,0
DA:91,0
DA:94,0
DA:98,0
DA:99,0
DA:100,0
DA:101,0
DA:103,0
DA:104,0
DA:108,0
DA:109,0
DA:112,0
DA:115,0
DA:119,0
DA:121,0
DA:124,0
DA:127,0
DA:128,0
DA:131,0
DA:133,0
DA:136,0
DA:137,0
DA:138,0
DA:139,0
DA:140,0
DA:141,0
DA:143,0
DA:145,0
DA:146,0
DA:148,0
DA:149,0
DA:154,0
DA:156,0
DA:159,0
DA:161,0
DA:163,0
DA:164,0
DA:167,0
DA:168,0
DA:169,0
DA:171,0
DA:174,0
DA:175,0
DA:177,0
DA:178,0
DA:181,0
DA:183,0
DA:184,0
DA:186,0
DA:187,0
DA:192,0
DA:193,0
DA:194,0
DA:195,0
DA:196,0
DA:197,0
DA:203,0
DA:207,0
DA:209,0
DA:212,0
DA:214,0
DA:215,0
DA:216,0
DA:217,0
DA:218,0
DA:219,0
DA:221,0
DA:222,0
DA:223,0
DA:224,0
DA:227,0
DA:231,0
DA:233,0
DA:234,0
DA:236,0
DA:237,0
DA:238,0
DA:239,0
DA:242,0
DA:243,0
DA:244,0
DA:245,0
DA:249,0
DA:250,0
DA:251,0
DA:261,0
DA:262,0
DA:263,0
DA:264,0
DA:265,0
DA:266,0
DA:269,0
DA:270,0
DA:272,0
DA:273,0
DA:281,0
DA:283,0
DA:284,0
DA:285,0
DA:289,0
DA:291,0
DA:292,0
DA:293,0
DA:295,0
DA:296,0
DA:298,0
DA:300,0
DA:301,0
DA:306,0
DA:307,0
DA:308,0
DA:312,0
DA:314,0
DA:316,0
DA:317,0
DA:318,0
DA:322,0
DA:324,0
DA:327,0
DA:330,0
DA:332,0
DA:334,0
DA:335,0
DA:336,0
DA:343,0
DA:344,0
DA:347,0
DA:349,0
DA:350,0
DA:351,0
DA:355,0
DA:356,0
DA:365,0
DA:366,0
DA:369,0
DA:370,0
DA:376,0
DA:377,0
DA:380,0
DA:382,0
DA:396,0
DA:397,0
DA:402,0
DA:403,0
DA:404,0
DA:405,0
DA:406,0
DA:407,0
DA:408,0
DA:409,0
DA:412,0
DA:425,0
DA:426,0
DA:427,0
DA:428,0
DA:431,0
DA:436,0
DA:437,0
DA:438,0
DA:439,0
DA:440,0
DA:443,0
DA:457,0
DA:458,0
DA:459,0
DA:462,0
DA:466,0
DA:467,0
DA:468,0
DA:469,0
DA:472,0
DA:477,0
DA:478,0
DA:479,0
DA:480,0
DA:481,0
DA:482,0
DA:484,0
DA:485,0
DA:488,0
DA:493,0
DA:494,0
DA:497,0
DA:512,0
DA:514,0
DA:515,0
DA:516,0
DA:519,0
LF:216
LH:0
end_of_record
SF:lib\pages\editProfile_page.dart
DA:14,4
DA:16,2
DA:17,2
DA:23,0
DA:24,0
DA:26,0
DA:28,0
DA:31,0
DA:33,0
DA:34,0
DA:37,0
DA:38,0
DA:40,0
DA:41,0
DA:42,0
DA:44,0
DA:45,0
DA:48,0
DA:50,0
DA:51,0
DA:54,0
DA:55,0
DA:58,0
DA:61,0
DA:62,0
DA:63,0
DA:75,2
DA:77,2
DA:78,4
DA:79,6
DA:80,6
DA:83,2
DA:85,4
DA:86,4
DA:87,4
DA:88,2
DA:91,2
DA:93,2
DA:95,2
DA:96,2
DA:97,2
DA:98,2
DA:99,2
DA:100,2
DA:101,0
DA:102,0
DA:106,2
DA:108,2
DA:114,2
DA:116,2
DA:117,2
DA:118,2
DA:120,2
DA:121,2
DA:123,4
DA:125,2
DA:127,2
DA:128,2
DA:129,2
DA:133,2
DA:135,2
DA:136,0
DA:137,0
DA:139,0
DA:140,0
DA:144,2
DA:156,2
DA:157,4
DA:158,2
DA:159,2
DA:160,2
DA:161,2
DA:164,2
DA:166,2
DA:168,2
DA:169,0
DA:170,2
DA:171,4
DA:172,4
DA:173,0
DA:178,2
DA:181,2
DA:184,2
DA:185,0
DA:186,2
DA:195,2
DA:197,2
DA:199,2
DA:201,0
DA:202,2
DA:204,0
DA:205,0
DA:206,0
DA:207,0
DA:210,0
DA:211,0
DA:219,2
DA:229,0
DA:230,0
DA:231,0
DA:232,0
DA:233,0
DA:236,0
DA:237,0
DA:238,0
DA:240,0
DA:241,0
DA:243,0
DA:244,0
DA:247,0
DA:248,0
DA:250,0
DA:252,0
DA:256,0
DA:257,0
DA:260,0
DA:262,0
DA:263,0
DA:264,0
DA:266,0
DA:267,0
DA:268,0
DA:270,0
DA:271,0
DA:274,0
DA:275,0
DA:276,0
DA:277,0
DA:283,0
DA:284,0
DA:285,0
DA:286,0
DA:287,0
DA:288,0
DA:289,0
DA:290,0
DA:291,0
DA:292,0
DA:293,0
DA:294,0
DA:295,0
DA:297,0
DA:298,0
DA:318,0
DA:327,0
DA:329,0
LF:146
LH:58
end_of_record
SF:lib\pages\explore_page.dart
DA:16,0
DA:20,0
DA:21,0
DA:52,0
DA:54,0
DA:55,0
DA:56,0
DA:57,0
DA:58,0
DA:59,0
DA:62,0
DA:63,0
DA:66,0
DA:68,0
DA:69,0
DA:72,0
DA:75,0
DA:77,0
DA:78,0
DA:79,0
DA:81,0
DA:82,0
DA:83,0
DA:86,0
DA:88,0
DA:90,0
DA:91,0
DA:93,0
DA:96,0
DA:97,0
DA:101,0
DA:102,0
DA:103,0
DA:106,0
DA:108,0
DA:112,0
DA:114,0
DA:115,0
DA:120,0
DA:125,0
DA:127,0
DA:128,0
DA:129,0
DA:131,0
DA:132,0
DA:133,0
DA:142,0
DA:143,0
DA:145,0
DA:154,0
DA:155,0
DA:156,0
DA:158,0
DA:164,0
DA:165,0
DA:167,0
DA:168,0
DA:169,0
DA:171,0
DA:174,0
DA:176,0
DA:178,0
DA:180,0
DA:184,0
DA:185,0
DA:186,0
DA:187,0
DA:188,0
DA:192,0
DA:193,0
DA:194,0
DA:195,0
DA:196,0
DA:197,0
DA:199,0
DA:200,0
DA:201,0
DA:202,0
DA:210,0
DA:215,0
DA:216,0
DA:229,0
DA:230,0
DA:232,0
DA:233,0
DA:236,0
DA:238,0
DA:239,0
DA:243,0
DA:246,0
DA:247,0
DA:248,0
DA:252,0
DA:253,0
DA:254,0
DA:258,0
DA:260,0
DA:261,0
DA:266,0
DA:267,0
DA:269,0
DA:270,0
DA:276,0
DA:277,0
DA:278,0
DA:280,0
DA:281,0
DA:283,0
DA:284,0
DA:285,0
DA:286,0
DA:287,0
DA:288,0
DA:289,0
DA:290,0
DA:292,0
LF:116
LH:0
end_of_record
SF:lib\pages\home_page.dart
DA:23,27
DA:25,2
DA:26,2
DA:27,2
DA:37,2
DA:39,2
DA:40,4
DA:43,2
DA:45,4
DA:46,2
DA:49,1
DA:50,2
DA:54,0
DA:55,0
DA:56,0
DA:60,2
DA:61,4
DA:62,2
DA:63,2
DA:64,2
DA:65,2
DA:68,2
DA:70,2
DA:72,2
DA:73,2
DA:74,4
DA:76,2
DA:77,2
DA:78,2
DA:79,2
DA:82,12
DA:83,2
DA:85,2
DA:87,2
DA:88,0
DA:89,0
DA:91,0
DA:92,0
DA:96,4
DA:105,2
DA:107,2
DA:108,2
DA:109,0
DA:111,0
DA:113,0
DA:114,0
DA:115,0
DA:117,0
DA:118,0
DA:119,0
DA:120,0
DA:122,0
DA:126,2
DA:127,2
DA:129,2
DA:130,2
DA:133,2
DA:134,2
DA:135,2
DA:136,2
DA:137,2
DA:140,2
DA:147,2
DA:148,2
DA:149,2
DA:150,2
DA:151,2
DA:158,2
DA:159,4
DA:160,2
DA:161,2
DA:163,2
DA:164,2
DA:165,2
DA:166,0
DA:167,0
DA:168,0
DA:169,0
DA:172,2
DA:174,6
DA:175,0
DA:182,2
DA:183,2
DA:184,4
DA:199,2
DA:200,2
DA:201,2
DA:202,2
DA:203,4
DA:210,2
DA:211,0
DA:212,2
DA:213,4
DA:214,4
DA:216,2
DA:220,2
DA:221,2
DA:223,2
DA:224,2
DA:226,2
DA:227,2
DA:228,2
DA:230,2
DA:231,2
DA:232,2
DA:235,1
DA:236,1
DA:237,1
DA:239,1
DA:240,1
DA:241,1
DA:244,1
DA:248,2
DA:250,2
DA:251,2
DA:258,2
DA:259,0
DA:260,0
DA:262,0
DA:263,0
DA:275,2
DA:277,2
DA:284,2
DA:285,2
DA:286,4
DA:287,0
DA:290,2
DA:291,2
DA:296,2
DA:297,2
DA:298,2
DA:299,2
DA:306,2
DA:307,0
DA:308,0
DA:310,0
DA:311,0
DA:323,2
DA:325,2
DA:332,2
DA:333,2
DA:334,4
DA:335,0
DA:338,2
DA:339,2
DA:354,2
DA:355,2
DA:356,2
DA:357,0
DA:358,0
DA:365,0
DA:366,0
DA:367,0
DA:368,0
DA:369,0
DA:372,0
DA:373,0
DA:374,0
DA:375,0
DA:379,0
DA:383,0
DA:385,0
DA:386,0
DA:387,0
DA:388,0
DA:390,0
DA:392,0
DA:393,0
LF:168
LH:115
end_of_record
SF:lib\pages\manageEvents.dart
DA:18,1
DA:21,1
DA:23,1
DA:24,1
DA:33,1
DA:34,2
DA:35,1
DA:39,1
DA:41,1
DA:42,2
DA:43,2
DA:44,1
DA:45,2
DA:47,1
DA:48,4
DA:49,1
DA:50,1
DA:51,4
DA:54,1
DA:55,1
DA:56,1
DA:57,0
DA:58,0
DA:62,1
DA:64,1
DA:65,1
DA:66,1
DA:72,1
DA:74,1
DA:77,1
DA:78,1
DA:79,1
DA:80,1
DA:82,1
DA:83,1
DA:89,1
DA:90,1
DA:91,1
DA:92,1
DA:93,3
DA:95,1
DA:96,1
DA:97,2
DA:98,2
DA:100,2
DA:102,1
DA:103,1
DA:104,1
DA:106,1
DA:108,1
DA:109,1
DA:112,1
DA:116,1
DA:118,1
DA:119,1
DA:124,1
DA:125,1
DA:126,1
DA:128,1
DA:152,1
DA:154,1
DA:155,1
DA:157,5
DA:160,1
DA:161,1
DA:163,1
DA:164,2
DA:165,3
DA:166,2
DA:171,0
DA:172,0
DA:174,0
DA:177,0
DA:178,0
DA:180,0
LF:75
LH:67
end_of_record
SF:lib\pages\notifications.dart
DA:11,101
DA:13,1
DA:14,1
DA:21,1
DA:23,1
DA:24,2
DA:25,3
DA:26,1
DA:29,1
DA:32,2
DA:33,1
DA:35,1
DA:36,2
DA:37,3
DA:38,1
DA:39,3
DA:40,1
DA:42,2
DA:43,2
DA:44,1
DA:46,1
DA:52,1
DA:53,2
DA:54,1
DA:57,2
DA:58,1
DA:62,1
DA:64,1
DA:65,1
DA:66,1
DA:67,1
DA:68,1
DA:70,1
DA:81,1
DA:82,1
DA:86,1
DA:87,1
DA:94,2
DA:95,1
DA:99,1
DA:104,1
DA:105,1
DA:106,1
DA:107,1
DA:108,1
DA:109,1
DA:110,2
DA:111,1
DA:113,1
DA:123,1
DA:124,1
DA:125,1
DA:126,1
DA:130,2
DA:131,2
DA:133,1
DA:134,2
DA:135,1
DA:138,5
DA:139,1
DA:141,5
DA:142,1
DA:144,5
DA:145,1
DA:147,5
DA:148,1
DA:150,5
DA:151,1
DA:152,1
DA:153,1
DA:154,2
DA:155,1
DA:156,1
DA:158,2
DA:159,1
DA:160,1
DA:162,2
DA:163,1
DA:164,1
DA:166,2
DA:167,1
DA:168,1
DA:170,2
DA:171,1
DA:172,1
DA:176,1
DA:178,5
DA:179,1
DA:181,5
DA:182,1
DA:184,5
DA:185,1
DA:188,5
DA:189,1
DA:191,5
DA:192,1
DA:194,1
DA:195,1
DA:196,2
DA:197,1
DA:198,1
DA:200,2
DA:201,1
DA:202,1
DA:204,2
DA:205,1
DA:206,1
DA:208,2
DA:209,1
DA:210,1
DA:212,2
DA:213,1
DA:214,1
DA:222,5
DA:223,1
DA:224,1
DA:225,1
DA:226,2
DA:227,1
DA:228,1
DA:238,1
DA:239,1
DA:240,0
DA:241,0
DA:245,0
DA:246,0
DA:249,0
DA:251,0
DA:252,0
DA:253,0
DA:254,0
DA:255,0
DA:256,0
DA:257,0
DA:265,1
DA:267,2
DA:268,1
DA:270,1
DA:271,1
DA:273,1
DA:275,1
DA:278,1
DA:280,1
DA:281,1
DA:282,1
DA:283,1
DA:284,2
DA:286,2
DA:288,2
DA:290,2
DA:292,2
DA:298,1
DA:300,2
DA:302,1
DA:303,1
DA:304,3
DA:305,0
DA:306,1
DA:308,1
DA:309,1
DA:311,1
DA:312,1
DA:313,0
DA:314,0
DA:316,2
DA:317,1
DA:319,1
DA:320,2
DA:322,1
DA:324,0
DA:329,0
LF:171
LH:154
end_of_record
SF:lib\pages\host_application.dart
DA:11,1
DA:12,1
DA:28,0
DA:29,0
DA:30,0
DA:32,0
DA:33,0
DA:34,0
DA:35,0
DA:40,1
DA:42,1
DA:43,1
DA:45,1
DA:46,1
DA:49,1
DA:50,1
DA:51,1
DA:53,1
DA:54,1
DA:55,1
DA:57,1
DA:63,1
DA:64,1
DA:69,1
DA:70,1
DA:71,1
DA:72,2
DA:73,1
DA:74,3
DA:75,1
DA:76,1
DA:80,2
DA:81,1
DA:86,1
DA:87,1
DA:94,1
DA:95,1
DA:98,1
DA:103,2
DA:106,1
DA:108,1
DA:111,1
DA:113,1
DA:114,1
DA:117,1
DA:122,1
DA:123,0
DA:125,0
DA:129,1
DA:130,1
DA:137,1
DA:138,1
DA:143,2
DA:145,1
DA:146,1
DA:151,1
DA:152,3
DA:153,1
DA:155,1
DA:157,1
DA:158,1
DA:159,2
DA:160,1
DA:164,1
DA:165,1
DA:166,1
DA:167,1
DA:169,1
DA:170,1
DA:171,2
DA:173,0
DA:174,0
DA:175,0
DA:179,1
DA:184,1
DA:186,1
DA:187,4
DA:193,1
DA:194,1
DA:195,3
DA:196,1
DA:199,1
DA:214,1
DA:215,3
DA:216,3
DA:217,1
DA:218,0
DA:224,2
DA:225,1
DA:228,1
DA:231,3
DA:232,2
DA:233,1
DA:234,1
DA:235,1
DA:236,1
DA:237,1
DA:238,2
DA:239,1
DA:240,1
DA:243,2
DA:247,1
DA:249,2
DA:250,1
DA:251,1
DA:252,1
DA:253,2
DA:254,1
DA:258,0
DA:259,0
DA:264,2
DA:265,2
DA:266,1
DA:269,2
DA:270,0
DA:277,3
LF:116
LH:100
end_of_record
SF:lib\pages\profilePage.dart
DA:12,4
DA:14,2
DA:15,2
DA:21,2
DA:23,2
DA:24,2
DA:25,2
DA:27,4
DA:29,2
DA:30,2
DA:31,2
DA:32,2
DA:33,2
DA:35,2
DA:36,2
DA:38,2
DA:39,2
DA:40,2
DA:41,2
DA:42,4
DA:43,2
DA:48,6
DA:49,1
DA:52,1
DA:59,1
DA:65,2
DA:66,3
DA:70,3
DA:72,1
DA:73,1
DA:77,1
DA:79,1
DA:80,2
DA:82,1
DA:83,2
DA:89,1
DA:91,1
DA:93,1
DA:99,1
DA:101,1
DA:102,0
DA:103,0
DA:105,0
DA:106,0
DA:114,1
DA:115,0
DA:116,0
DA:123,2
DA:124,2
DA:125,2
DA:126,3
DA:127,1
DA:128,1
DA:129,1
DA:130,1
DA:132,1
DA:133,1
DA:134,1
DA:136,0
DA:137,0
DA:139,0
DA:140,0
DA:144,1
DA:145,1
DA:147,1
DA:148,2
DA:151,1
DA:152,3
DA:153,1
DA:155,0
DA:156,0
DA:157,0
DA:160,1
DA:162,1
DA:164,0
DA:165,0
DA:167,0
DA:169,0
DA:171,0
DA:172,0
DA:181,1
DA:182,1
DA:183,1
DA:184,1
DA:185,1
DA:187,1
DA:188,1
DA:189,1
DA:191,0
DA:192,0
DA:194,0
DA:195,0
DA:199,0
DA:200,0
DA:202,0
DA:203,0
DA:220,2
DA:223,2
DA:224,0
DA:226,0
DA:237,2
DA:242,2
DA:243,2
DA:245,0
DA:254,1
LF:105
LH:75
end_of_record
SF:lib\pages\settings_page.dart
DA:11,51
DA:14,0
DA:16,1
DA:17,1
DA:23,1
DA:25,1
DA:27,2
DA:29,1
DA:30,1
DA:32,1
DA:33,1
DA:35,1
DA:37,1
DA:46,1
DA:47,1
DA:48,1
DA:49,1
DA:51,1
DA:52,1
DA:61,1
DA:62,1
DA:63,1
DA:66,0
DA:67,0
DA:68,0
DA:69,0
DA:70,0
DA:75,1
DA:76,1
DA:79,0
DA:80,0
DA:81,0
DA:82,0
DA:83,0
DA:87,1
DA:88,1
DA:91,1
DA:92,0
DA:98,1
DA:100,0
DA:101,0
DA:102,0
DA:105,0
DA:112,2
DA:113,1
DA:114,1
DA:117,0
DA:123,2
DA:124,1
DA:125,1
DA:128,0
DA:129,0
DA:130,0
DA:132,0
DA:140,1
DA:146,1
DA:147,1
DA:148,1
DA:150,1
DA:159,1
DA:168,1
DA:169,1
DA:170,1
DA:172,3
DA:174,1
DA:175,0
DA:176,0
DA:178,0
DA:180,0
DA:185,1
DA:187,1
DA:188,1
DA:191,1
DA:192,1
DA:193,1
DA:195,1
DA:196,1
DA:197,1
DA:202,1
DA:205,1
DA:207,1
DA:209,1
DA:227,0
DA:229,0
DA:230,0
LF:85
LH:57
end_of_record
SF:lib\pages\supabase_Accountpage.dart
DA:6,25
DA:8,0
DA:9,0
DA:11,0
DA:14,0
DA:16,0
DA:17,0
DA:20,0
DA:21,0
DA:22,0
LF:10
LH:1
end_of_record
SF:lib\pages\supabase_Splashpage.dart
DA:17,25
DA:18,0
DA:19,0
DA:23,0
DA:25,0
DA:26,0
DA:29,0
DA:30,0
DA:31,0
DA:32,0
DA:33,0
DA:35,0
DA:36,0
DA:39,0
DA:40,0
DA:44,0
DA:46,0
DA:47,0
DA:58,0
DA:63,0
DA:64,0
DA:66,0
DA:67,0
DA:70,0
DA:73,0
DA:74,0
DA:75,0
DA:77,0
DA:78,0
DA:79,0
DA:80,0
DA:81,0
DA:83,0
DA:84,0
DA:85,0
DA:86,0
DA:87,0
DA:88,0
DA:89,0
DA:91,0
DA:92,0
DA:93,0
DA:94,0
DA:97,0
DA:99,0
LF:45
LH:1
end_of_record
SF:lib\pages\supabase_login.dart
DA:183,50
DA:185,0
DA:186,0
DA:199,0
DA:201,0
DA:202,0
DA:204,0
DA:207,0
DA:209,0
DA:210,0
DA:211,0
DA:213,0
DA:216,0
DA:217,0
DA:218,0
DA:219,0
DA:226,0
DA:227,0
DA:228,0
DA:246,0
DA:247,0
DA:248,0
DA:249,0
DA:251,0
DA:253,0
DA:254,0
DA:255,0
DA:256,0
DA:259,0
DA:262,0
DA:264,0
DA:265,0
DA:266,0
DA:268,0
DA:269,0
DA:274,0
DA:275,0
DA:276,0
DA:278,0
DA:279,0
DA:281,0
DA:282,0
DA:283,0
DA:284,0
DA:285,0
DA:286,0
DA:291,0
DA:295,0
DA:296,0
DA:298,0
DA:299,0
DA:305,0
DA:306,0
DA:318,0
DA:319,0
DA:321,0
DA:322,0
DA:324,0
DA:325,0
DA:326,0
DA:327,0
DA:330,0
DA:331,0
DA:332,0
DA:341,0
DA:342,0
DA:343,0
DA:345,0
DA:346,0
DA:350,0
DA:352,0
DA:353,0
DA:354,0
DA:356,0
DA:359,0
DA:361,0
DA:363,0
DA:364,0
DA:370,0
DA:371,0
DA:373,0
DA:374,0
DA:381,0
DA:382,0
DA:384,0
DA:386,0
DA:388,0
DA:391,0
DA:392,0
DA:393,0
DA:399,0
DA:401,0
DA:402,0
DA:413,0
DA:414,0
DA:415,0
DA:418,0
DA:421,0
DA:422,0
DA:423,0
DA:426,0
DA:430,0
DA:432,0
DA:435,0
DA:437,0
DA:438,0
DA:439,0
DA:441,0
DA:442,0
DA:443,0
DA:444,0
DA:446,0
DA:448,0
DA:449,0
DA:450,0
DA:451,0
DA:452,0
DA:454,0
DA:456,0
DA:457,0
DA:458,0
DA:459,0
DA:460,0
DA:461,0
DA:463,0
DA:464,0
DA:472,0
DA:473,0
DA:474,0
DA:478,0
LF:130
LH:1
end_of_record
SF:lib\pages\supabase_resetPassword.dart
DA:9,26
DA:11,1
DA:12,1
DA:22,1
DA:24,2
DA:25,2
DA:26,1
DA:29,0
DA:30,0
DA:31,0
DA:37,0
DA:38,0
DA:40,0
DA:42,0
DA:43,0
DA:48,0
DA:49,0
DA:52,0
DA:54,0
DA:55,0
DA:56,0
DA:59,0
DA:64,0
DA:65,0
DA:69,1
DA:71,1
DA:72,1
DA:73,1
DA:75,1
DA:77,1
DA:78,1
DA:79,1
DA:80,1
DA:82,1
DA:83,1
DA:85,1
DA:86,1
DA:87,1
DA:89,0
DA:90,0
DA:91,0
DA:96,1
DA:99,1
DA:100,1
DA:101,1
DA:103,1
DA:104,1
DA:106,1
DA:107,1
DA:108,1
DA:112,0
DA:113,0
DA:114,0
DA:119,1
DA:122,1
DA:123,2
DA:124,1
LF:57
LH:34
end_of_record
SF:lib\pages\userManual.dart
DA:5,25
DA:7,0
DA:8,0
DA:17,0
DA:19,0
DA:20,0
DA:21,0
DA:22,0
DA:23,0
DA:24,0
DA:31,0
DA:33,0
DA:34,0
DA:35,0
DA:37,0
DA:38,0
DA:39,0
DA:40,0
DA:41,0
DA:42,0
LF:20
LH:1
end_of_record
SF:lib\screens\SearchScreen.dart
DA:15,1
DA:17,1
DA:18,1
DA:33,1
DA:35,1
DA:36,1
DA:37,1
DA:39,5
DA:40,4
DA:41,3
DA:44,2
DA:45,0
DA:46,0
DA:50,1
DA:51,2
DA:52,1
DA:56,2
DA:57,0
DA:58,0
DA:59,0
DA:62,2
DA:63,2
DA:64,1
DA:69,1
DA:70,1
DA:71,2
DA:72,1
DA:73,2
DA:74,1
DA:75,1
DA:76,1
DA:80,2
DA:81,0
DA:82,0
DA:83,0
DA:85,0
DA:87,2
DA:88,2
DA:89,1
DA:94,0
DA:95,0
DA:96,0
DA:97,0
DA:98,0
DA:102,1
DA:103,1
DA:104,2
DA:105,3
DA:109,0
DA:110,0
DA:111,0
DA:112,0
DA:113,0
DA:115,0
DA:116,0
DA:117,0
DA:119,0
DA:123,0
DA:124,0
DA:125,0
DA:126,0
DA:127,0
DA:131,0
DA:132,0
DA:133,0
DA:134,0
DA:138,1
DA:140,1
DA:141,1
DA:144,0
DA:145,0
DA:146,0
DA:147,0
DA:151,0
DA:152,0
DA:153,0
DA:158,1
DA:160,1
DA:161,1
DA:162,1
DA:163,1
DA:164,2
DA:165,0
DA:166,0
DA:167,0
DA:171,1
DA:173,1
DA:175,1
DA:176,1
DA:177,1
DA:178,1
DA:180,1
DA:181,1
DA:182,1
DA:184,1
DA:186,1
DA:187,1
DA:188,1
DA:189,1
DA:190,1
DA:191,1
DA:192,1
DA:193,1
DA:197,1
DA:198,0
DA:199,0
DA:200,0
DA:201,0
DA:204,1
DA:207,1
DA:208,1
DA:210,1
DA:215,1
DA:216,0
DA:218,0
DA:219,0
DA:220,0
DA:222,0
DA:223,0
DA:224,0
DA:225,0
DA:226,0
DA:227,0
DA:228,0
DA:229,0
DA:231,0
DA:232,0
DA:235,0
DA:240,1
DA:241,0
DA:243,0
DA:245,0
DA:248,0
DA:249,0
DA:250,0
DA:251,0
DA:253,0
DA:255,1
DA:256,1
DA:257,3
DA:258,3
DA:259,2
DA:260,0
DA:261,0
DA:262,0
DA:263,0
DA:264,0
DA:265,0
DA:267,0
DA:272,0
LF:150
LH:73
end_of_record
SF:lib\surveys\SurveyRateCat_screen.dart
DA:12,1
DA:14,1
DA:15,1
DA:21,1
DA:23,1
DA:24,1
DA:27,1
DA:29,3
DA:31,3
DA:33,1
DA:34,1
DA:35,1
DA:36,2
DA:37,1
DA:39,1
DA:42,0
DA:43,0
DA:47,1
DA:48,2
DA:49,4
DA:53,1
DA:55,1
DA:56,1
DA:58,1
DA:69,1
DA:70,1
DA:71,1
DA:73,2
DA:74,1
DA:75,2
DA:76,1
DA:77,1
DA:78,1
DA:81,1
DA:82,1
DA:83,2
DA:88,1
DA:92,1
DA:93,1
DA:102,1
DA:104,1
DA:106,1
DA:107,1
DA:108,0
DA:109,0
DA:112,1
DA:118,1
DA:119,1
DA:121,1
DA:135,1
DA:137,6
DA:139,2
DA:140,1
DA:141,1
DA:142,1
DA:144,1
LF:56
LH:52
end_of_record
SF:lib\services\LocalNotifications.dart
DA:4,0
DA:6,0
DA:7,0
DA:8,0
DA:13,0
DA:14,0
DA:16,0
DA:18,0
DA:22,0
DA:23,0
DA:26,0
DA:39,0
LF:12
LH:0
end_of_record
SF:lib\widgets\event_card.dart
DA:19,4
DA:27,1
DA:28,1
DA:29,2
DA:30,0
DA:32,1
DA:33,1
DA:34,1
DA:38,4
DA:39,2
DA:40,2
DA:41,2
DA:42,2
DA:44,1
DA:46,6
DA:59,1
DA:61,1
DA:62,1
DA:63,1
DA:64,1
DA:75,1
DA:81,0
DA:82,0
DA:83,0
DA:84,0
DA:85,0
DA:86,0
DA:90,1
DA:91,1
DA:92,1
DA:93,2
DA:94,1
DA:95,2
DA:98,1
DA:100,5
DA:109,8
DA:115,2
DA:116,2
DA:118,6
DA:119,2
DA:120,4
DA:121,0
DA:123,6
DA:127,2
DA:128,2
DA:129,2
DA:130,2
DA:131,2
DA:143,1
DA:150,1
DA:151,1
DA:152,1
DA:153,1
DA:154,1
DA:155,1
DA:159,1
DA:160,1
DA:161,1
DA:162,1
DA:163,1
DA:164,1
DA:176,2
DA:184,2
DA:194,2
DA:195,2
DA:196,2
DA:197,2
DA:198,2
DA:199,4
DA:204,2
DA:205,2
DA:206,2
DA:207,2
DA:208,2
DA:209,2
DA:210,3
DA:229,2
DA:244,2
DA:247,2
DA:248,2
DA:250,6
DA:251,2
DA:252,2
DA:253,2
DA:254,2
DA:255,2
DA:256,2
DA:257,2
DA:258,2
DA:259,2
DA:260,2
DA:265,2
DA:266,2
DA:267,2
DA:268,4
DA:269,2
DA:270,2
DA:271,2
DA:272,2
DA:273,2
DA:274,2
DA:275,2
DA:276,2
DA:277,2
DA:278,2
DA:288,1
DA:300,1
DA:302,1
DA:304,1
DA:306,1
DA:318,1
DA:320,1
DA:322,1
DA:324,1
DA:349,7
DA:366,1
DA:369,1
DA:370,2
DA:371,1
DA:372,1
DA:373,3
DA:374,3
DA:375,1
DA:376,1
DA:377,2
DA:378,0
DA:379,0
DA:380,1
DA:383,2
DA:384,2
DA:385,3
DA:386,0
DA:387,0
DA:388,1
DA:389,1
DA:390,2
DA:391,0
DA:392,0
DA:393,1
DA:394,1
DA:395,2
DA:396,2
DA:397,0
DA:398,0
DA:399,0
DA:400,0
DA:403,3
DA:404,0
DA:405,0
DA:406,1
DA:407,1
DA:412,1
DA:413,1
DA:414,1
DA:415,1
DA:416,1
DA:417,1
DA:418,1
DA:419,2
DA:420,1
DA:421,1
DA:422,1
DA:423,3
DA:424,3
DA:425,2
DA:426,3
DA:427,1
DA:438,3
DA:439,3
DA:441,3
DA:442,3
DA:445,3
DA:449,3
DA:453,0
DA:454,0
DA:455,0
DA:520,0
DA:522,0
DA:523,0
DA:527,0
DA:530,0
DA:531,0
DA:533,0
DA:534,0
DA:538,0
DA:540,0
DA:541,0
DA:553,3
DA:555,3
DA:556,3
DA:557,3
DA:558,14
DA:560,15
DA:563,12
DA:566,3
DA:567,6
DA:568,6
DA:570,3
DA:571,0
DA:572,0
DA:574,0
DA:575,0
DA:579,3
DA:581,3
DA:582,3
DA:584,3
DA:587,3
DA:589,3
DA:590,3
DA:591,3
DA:592,3
DA:599,3
DA:601,3
DA:602,3
DA:604,3
DA:605,3
DA:606,3
DA:607,3
DA:608,12
DA:615,3
DA:616,9
DA:617,3
DA:624,3
DA:626,3
DA:627,3
DA:632,3
DA:633,3
DA:634,9
DA:635,3
DA:641,6
DA:642,2
DA:643,2
DA:645,6
DA:648,6
DA:650,0
DA:651,0
DA:653,0
DA:654,0
DA:655,0
DA:656,0
DA:657,0
DA:658,0
DA:660,0
DA:661,0
DA:662,0
DA:663,0
DA:681,8
DA:682,0
DA:685,0
DA:687,0
DA:688,0
DA:689,0
DA:690,0
DA:692,0
DA:693,0
DA:695,0
DA:697,0
DA:698,0
DA:699,0
DA:704,0
DA:707,0
DA:709,0
DA:710,0
DA:711,0
DA:712,0
DA:721,0
DA:722,0
DA:723,0
DA:724,0
DA:726,0
DA:727,0
DA:728,0
DA:730,0
DA:731,0
DA:736,0
DA:740,0
DA:746,3
DA:747,0
DA:748,0
DA:749,0
LF:280
LH:198
end_of_record
SF:lib\models\Location.dart
DA:15,0
DA:26,0
DA:27,0
DA:28,0
DA:30,0
DA:31,0
DA:33,0
DA:34,0
DA:35,0
DA:39,0
DA:40,0
DA:41,0
DA:42,0
DA:43,0
DA:44,0
DA:45,0
DA:46,0
DA:47,0
DA:51,0
DA:53,0
DA:54,0
DA:55,0
DA:56,0
DA:57,0
DA:59,0
DA:63,0
DA:64,0
DA:65,0
DA:66,0
DA:67,0
DA:68,0
DA:69,0
DA:70,0
DA:71,0
DA:73,0
DA:75,0
DA:76,0
DA:77,0
DA:78,0
DA:80,0
DA:82,0
DA:83,0
DA:85,0
DA:86,0
DA:87,0
DA:89,0
DA:91,0
DA:93,0
DA:94,0
DA:95,0
DA:97,0
DA:99,0
DA:101,0
DA:103,0
DA:104,0
DA:105,0
DA:106,0
DA:107,0
DA:109,0
DA:111,0
DA:112,0
DA:113,0
DA:114,0
DA:116,0
DA:120,0
DA:124,0
LF:66
LH:0
end_of_record
SF:lib\models\Route.dart
DA:11,0
DA:19,0
DA:21,0
DA:22,0
DA:25,0
DA:28,0
DA:29,0
DA:30,0
DA:31,0
DA:32,0
DA:38,0
DA:39,0
DA:40,0
DA:41,0
DA:45,0
DA:47,0
DA:48,0
DA:49,0
DA:51,0
DA:54,0
LF:20
LH:0
end_of_record
SF:lib\pages\Broadcast.dart
DA:9,1
DA:11,1
DA:12,1
DA:19,1
DA:21,1
DA:22,1
DA:23,1
DA:25,1
DA:26,1
DA:27,1
DA:30,1
DA:36,1
DA:37,1
DA:40,1
DA:41,1
DA:43,1
DA:44,1
DA:45,1
DA:46,2
DA:51,1
DA:53,1
DA:54,1
DA:55,0
DA:59,1
DA:60,2
DA:61,1
DA:62,1
DA:66,1
DA:67,1
DA:68,2
DA:71,1
DA:83,1
DA:84,1
DA:86,1
DA:87,1
DA:88,1
DA:89,0
DA:90,0
DA:91,0
DA:93,0
DA:103,1
DA:104,2
DA:105,1
DA:108,1
DA:109,1
DA:112,3
DA:113,0
DA:114,0
DA:115,0
DA:117,0
DA:120,2
DA:121,3
DA:124,2
DA:125,1
LF:54
LH:45
end_of_record
SF:lib\pages\BroadcastEvent.dart
DA:124,1
DA:126,1
DA:127,1
DA:134,1
DA:136,1
DA:137,1
DA:138,1
DA:140,1
DA:141,1
DA:142,1
DA:145,1
DA:151,1
DA:152,1
DA:155,1
DA:156,1
DA:158,1
DA:159,1
DA:160,1
DA:161,0
DA:166,1
DA:167,0
DA:171,1
DA:172,1
DA:174,1
DA:175,1
DA:176,0
DA:177,1
DA:178,1
DA:182,1
DA:183,1
DA:184,2
DA:187,1
DA:199,0
DA:200,0
DA:202,0
DA:203,0
DA:204,0
DA:205,0
DA:206,0
DA:207,0
DA:217,0
DA:218,0
DA:219,0
DA:221,0
DA:222,0
DA:226,0
DA:227,0
DA:228,0
DA:229,0
DA:231,0
DA:234,0
DA:235,0
DA:237,0
DA:239,0
DA:240,0
LF:55
LH:29
end_of_record
SF:lib\pages\Event_Attendance.dart
DA:8,0
DA:10,0
DA:11,0
DA:18,0
DA:20,0
DA:21,0
DA:22,0
DA:25,0
DA:26,0
DA:27,0
DA:28,0
DA:29,0
DA:30,0
DA:34,0
DA:36,0
DA:37,0
DA:40,0
DA:42,0
DA:43,0
DA:44,0
DA:46,0
DA:47,0
DA:48,0
DA:50,0
DA:51,0
DA:52,0
DA:54,0
DA:58,0
DA:59,0
DA:60,0
DA:61,0
DA:63,0
DA:64,0
DA:65,0
DA:66,0
DA:67,0
DA:69,0
DA:70,0
DA:71,0
DA:72,0
DA:73,0
DA:74,0
DA:75,0
DA:78,0
DA:79,0
LF:45
LH:0
end_of_record
SF:lib\screens\ApplicantDetailsPage.dart
DA:9,1
DA:11,1
DA:13,3
DA:14,1
DA:15,1
DA:16,1
DA:18,1
DA:20,1
DA:22,1
DA:23,1
DA:25,1
DA:27,1
DA:28,1
DA:30,1
DA:31,1
DA:32,1
DA:33,1
DA:34,1
DA:35,1
DA:38,1
DA:42,1
DA:43,1
DA:44,2
DA:45,1
DA:49,1
DA:50,1
DA:52,1
DA:54,1
DA:55,1
DA:57,1
DA:59,1
DA:60,1
DA:61,1
DA:62,0
DA:63,0
DA:65,1
DA:69,1
DA:71,1
DA:72,5
DA:79,1
DA:82,1
DA:84,1
DA:86,1
DA:92,4
DA:93,1
DA:95,1
DA:96,1
DA:98,1
DA:99,1
DA:100,2
DA:101,2
DA:105,1
DA:106,1
DA:107,1
DA:109,1
DA:110,1
DA:111,4
DA:113,1
DA:115,1
DA:116,1
DA:117,3
DA:118,1
DA:127,0
DA:129,0
DA:131,0
DA:137,0
DA:138,0
DA:139,0
DA:141,0
DA:142,0
DA:144,0
DA:145,0
DA:146,0
DA:147,0
DA:154,0
DA:155,0
DA:156,0
DA:158,0
LF:78
LH:60
end_of_record
SF:lib\pages\allHome_events.dart
DA:12,0
DA:14,0
DA:15,0
DA:24,0
DA:26,0
DA:27,0
DA:30,0
DA:31,0
DA:33,0
DA:34,0
DA:35,0
DA:37,0
DA:38,0
DA:41,0
DA:42,0
DA:47,0
DA:49,0
DA:50,0
DA:53,0
DA:54,0
DA:55,0
DA:56,0
DA:60,0
DA:61,0
DA:62,0
DA:64,0
DA:67,0
DA:68,0
DA:69,0
DA:70,0
DA:75,0
DA:86,0
DA:88,0
DA:90,0
DA:91,0
DA:92,0
DA:94,0
DA:95,0
DA:96,0
DA:98,0
DA:99,0
DA:103,0
DA:105,0
DA:106,0
DA:108,0
DA:111,0
DA:113,0
DA:114,0
DA:115,0
DA:116,0
DA:123,0
DA:125,0
DA:126,0
DA:128,0
DA:129,0
DA:130,0
DA:131,0
DA:132,0
DA:133,0
DA:138,0
DA:146,0
DA:147,0
DA:148,0
DA:155,0
DA:157,0
DA:158,0
DA:163,0
DA:164,0
DA:165,0
DA:166,0
LF:70
LH:0
end_of_record
SF:lib\pages\allRecommended_events.dart
DA:12,0
DA:14,0
DA:15,0
DA:24,0
DA:26,0
DA:27,0
DA:30,0
DA:31,0
DA:33,0
DA:34,0
DA:35,0
DA:37,0
DA:38,0
DA:41,0
DA:42,0
DA:47,0
DA:49,0
DA:50,0
DA:53,0
DA:54,0
DA:55,0
DA:56,0
DA:60,0
DA:61,0
DA:62,0
DA:64,0
DA:67,0
DA:68,0
DA:69,0
DA:70,0
DA:75,0
DA:86,0
DA:88,0
DA:90,0
DA:91,0
DA:92,0
DA:94,0
DA:95,0
DA:96,0
DA:98,0
DA:99,0
DA:103,0
DA:105,0
DA:106,0
DA:108,0
DA:111,0
DA:113,0
DA:114,0
DA:115,0
DA:116,0
DA:123,0
DA:125,0
DA:126,0
DA:128,0
DA:129,0
DA:130,0
DA:131,0
DA:132,0
DA:133,0
DA:138,0
DA:146,0
DA:147,0
DA:148,0
DA:155,0
DA:157,0
DA:158,0
DA:163,0
DA:164,0
DA:165,0
DA:166,0
LF:70
LH:0
end_of_record
SF:lib\services\EventService.dart
DA:14,2
DA:15,3
DA:17,0
DA:18,0
DA:19,0
DA:20,0
DA:21,0
DA:23,0
DA:25,0
DA:37,0
DA:43,0
DA:49,0
DA:51,0
DA:53,0
DA:55,0
DA:57,0
DA:59,0
DA:63,0
DA:65,0
DA:69,0
DA:75,0
DA:80,1
DA:81,3
DA:89,1
DA:95,1
DA:96,2
DA:97,1
DA:98,2
DA:100,0
DA:101,0
DA:102,0
DA:105,0
DA:106,0
DA:107,0
DA:108,0
DA:111,0
DA:112,0
DA:115,2
DA:116,1
DA:120,1
DA:121,1
DA:124,3
DA:125,1
DA:132,1
DA:138,1
DA:139,2
DA:140,2
DA:141,0
DA:143,0
DA:145,0
DA:146,0
DA:148,0
DA:151,2
DA:172,0
DA:174,0
DA:176,0
DA:179,0
DA:180,0
DA:183,0
DA:184,0
DA:187,0
DA:188,0
DA:190,0
DA:193,0
DA:195,0
DA:196,0
DA:197,0
DA:198,0
DA:199,0
DA:200,0
DA:202,0
DA:205,0
DA:209,0
DA:210,0
DA:211,0
DA:212,0
DA:213,0
DA:215,0
DA:216,0
DA:218,0
LF:80
LH:20
end_of_record
SF:lib\screens\InviteUsers.dart
DA:12,0
DA:14,0
DA:15,0
DA:25,0
DA:27,0
DA:28,0
DA:29,0
DA:33,0
DA:34,0
DA:35,0
DA:37,0
DA:38,0
DA:39,0
DA:41,0
DA:42,0
DA:43,0
DA:44,0
DA:45,0
DA:49,0
DA:51,0
DA:52,0
DA:55,0
DA:56,0
DA:58,0
DA:59,0
DA:62,0
DA:63,0
DA:64,0
DA:67,0
DA:68,0
DA:71,0
DA:72,0
DA:76,0
DA:77,0
DA:79,0
DA:83,0
DA:84,0
DA:85,0
DA:86,0
DA:87,0
DA:92,0
DA:93,0
DA:94,0
DA:95,0
DA:96,0
DA:100,0
DA:101,0
DA:102,0
DA:103,0
DA:104,0
DA:105,0
DA:106,0
DA:107,0
DA:108,0
DA:109,0
DA:110,0
DA:117,0
DA:119,0
DA:120,0
DA:121,0
DA:123,0
DA:125,0
DA:126,0
DA:127,0
DA:128,0
DA:130,0
DA:131,0
DA:132,0
DA:133,0
DA:136,0
DA:137,0
DA:138,0
DA:142,0
DA:143,0
DA:144,0
DA:145,0
DA:146,0
DA:147,0
DA:148,0
DA:149,0
DA:150,0
DA:151,0
DA:152,0
DA:153,0
DA:155,0
DA:156,0
DA:157,0
DA:158,0
DA:164,0
DA:165,0
DA:167,0
DA:168,0
DA:169,0
DA:170,0
DA:172,0
DA:173,0
DA:174,0
DA:175,0
DA:176,0
DA:177,0
DA:179,0
DA:180,0
DA:181,0
DA:182,0
DA:203,0
DA:210,0
DA:211,0
DA:212,0
DA:213,0
DA:214,0
DA:215,0
LF:111
LH:0
end_of_record
SF:lib\pages\attendee.dart
DA:10,1
DA:12,1
DA:13,1
DA:19,1
DA:21,1
DA:22,2
DA:23,2
DA:24,2
DA:25,2
DA:27,2
DA:31,1
DA:33,1
DA:34,2
DA:35,2
DA:37,1
DA:38,1
DA:39,1
DA:41,1
DA:42,1
DA:43,1
DA:44,2
DA:46,1
DA:47,0
DA:48,0
DA:52,1
DA:53,1
DA:54,2
DA:56,5
DA:57,1
DA:60,1
DA:61,1
DA:62,1
DA:63,1
DA:64,0
DA:65,0
DA:67,0
DA:68,0
DA:69,0
DA:73,1
DA:75,1
DA:76,1
DA:77,1
DA:79,1
DA:80,4
DA:81,1
DA:82,1
DA:83,1
DA:84,1
DA:85,5
DA:93,1
LF:50
LH:43
end_of_record
SF:lib\pages\edit_Event.dart
DA:20,0
DA:22,0
DA:23,0
DA:31,0
DA:33,0
DA:34,0
DA:37,0
DA:40,0
DA:41,0
DA:43,0
DA:44,0
DA:45,0
DA:46,0
DA:48,0
DA:49,0
DA:50,0
DA:51,0
DA:52,0
DA:53,0
DA:54,0
DA:55,0
DA:56,0
DA:57,0
DA:58,0
DA:59,0
DA:62,0
DA:65,0
DA:86,0
DA:88,0
DA:89,0
DA:90,0
DA:91,0
DA:92,0
DA:94,0
DA:95,0
DA:100,0
DA:101,0
DA:102,0
DA:103,0
DA:107,0
DA:111,0
DA:112,0
DA:113,0
DA:114,0
DA:115,0
DA:116,0
DA:117,0
DA:118,0
DA:120,0
DA:121,0
DA:123,0
DA:132,0
DA:134,0
DA:137,0
DA:139,0
DA:142,0
DA:143,0
DA:144,0
DA:145,0
DA:149,0
DA:150,0
DA:151,0
DA:152,0
DA:156,0
DA:158,0
DA:160,0
DA:162,0
DA:163,0
DA:166,0
DA:167,0
DA:168,0
DA:180,0
DA:181,0
DA:182,0
DA:183,0
DA:184,0
DA:185,0
DA:186,0
DA:190,0
DA:191,0
DA:205,0
DA:206,0
DA:207,0
DA:209,0
DA:211,0
DA:214,0
DA:215,0
DA:216,0
DA:217,0
DA:218,0
DA:219,0
DA:220,0
DA:224,0
DA:225,0
DA:228,0
DA:230,0
DA:233,0
DA:234,0
DA:235,0
DA:245,0
DA:248,0
DA:250,0
DA:258,0
DA:260,0
DA:261,0
DA:265,0
DA:267,0
DA:268,0
DA:270,0
DA:271,0
DA:274,0
DA:275,0
DA:276,0
DA:277,0
DA:279,0
DA:280,0
DA:283,0
DA:284,0
DA:288,0
DA:292,0
DA:293,0
DA:294,0
DA:304,0
DA:305,0
DA:307,0
DA:310,0
DA:311,0
DA:312,0
DA:314,0
DA:315,0
DA:316,0
DA:317,0
DA:319,0
DA:327,0
DA:328,0
DA:330,0
DA:332,0
DA:333,0
DA:334,0
DA:335,0
DA:337,0
DA:338,0
DA:340,0
DA:343,0
DA:350,0
DA:351,0
DA:352,0
DA:353,0
DA:354,0
DA:355,0
DA:356,0
DA:358,0
DA:359,0
DA:360,0
DA:362,0
DA:363,0
DA:364,0
DA:366,0
DA:367,0
DA:370,0
DA:371,0
DA:372,0
DA:375,0
DA:376,0
DA:377,0
DA:378,0
DA:381,0
DA:386,0
DA:388,0
DA:389,0
DA:391,0
DA:393,0
DA:394,0
DA:396,0
DA:397,0
DA:399,0
DA:400,0
DA:401,0
DA:402,0
DA:408,0
DA:409,0
DA:410,0
DA:411,0
DA:412,0
DA:416,0
DA:417,0
DA:418,0
DA:419,0
DA:420,0
DA:423,0
DA:425,0
DA:428,0
DA:429,0
DA:430,0
DA:432,0
DA:435,0
DA:437,0
DA:438,0
DA:439,0
DA:440,0
DA:441,0
DA:442,0
DA:443,0
DA:445,0
DA:446,0
DA:447,0
DA:448,0
DA:455,0
DA:456,0
DA:457,0
DA:459,0
DA:460,0
DA:461,0
DA:462,0
DA:463,0
DA:465,0
DA:466,0
DA:468,0
LF:218
LH:0
end_of_record
SF:lib\pages\rate_event.dart
DA:10,2
DA:12,1
DA:13,1
DA:22,0
DA:23,0
DA:26,0
DA:27,0
DA:28,0
DA:29,0
DA:30,0
DA:33,0
DA:35,0
DA:40,0
DA:43,0
DA:45,0
DA:54,1
DA:56,1
DA:57,1
DA:60,1
DA:62,1
DA:64,1
DA:65,1
DA:66,3
DA:75,1
DA:77,2
DA:78,1
DA:79,1
DA:80,2
DA:84,1
DA:85,2
DA:86,2
DA:93,1
DA:94,1
DA:102,1
DA:103,1
DA:104,1
DA:115,1
DA:117,2
DA:118,1
LF:39
LH:27
end_of_record
SF:lib\services\RouteService.dart
DA:13,0
DA:15,0
DA:19,0
DA:21,0
DA:22,0
DA:23,0
DA:29,0
DA:31,0
DA:32,0
DA:35,0
LF:10
LH:0
end_of_record
SF:lib\widgets\DirectionsBottomSheet.dart
DA:7,0
DA:9,0
DA:11,0
DA:13,0
DA:14,0
DA:16,0
DA:25,0
DA:27,0
DA:28,0
DA:29,0
DA:30,0
DA:31,0
DA:32,0
DA:33,0
DA:36,0
DA:40,0
DA:41,0
DA:42,0
DA:43,0
DA:50,0
DA:53,0
DA:56,0
DA:59,0
DA:62,0
DA:65,0
DA:68,0
DA:71,0
DA:74,0
LF:28
LH:0
end_of_record
SF:lib\widgets\PlaceInfoBottomSheet.dart
DA:12,0
DA:14,0
DA:16,0
DA:18,0
DA:19,0
DA:21,0
DA:22,0
DA:23,0
DA:24,0
DA:30,0
DA:34,0
DA:36,0
DA:37,0
DA:38,0
DA:39,0
DA:40,0
DA:41,0
DA:42,0
DA:43,0
DA:44,0
DA:45,0
DA:47,0
DA:49,0
DA:51,0
DA:52,0
DA:53,0
DA:54,0
DA:55,0
DA:56,0
DA:57,0
DA:58,0
DA:61,0
DA:65,0
DA:66,0
DA:67,0
DA:68,0
DA:79,0
DA:85,0
DA:88,0
DA:91,0
DA:93,0
DA:94,0
DA:95,0
DA:96,0
DA:99,0
DA:103,0
DA:105,0
DA:115,0
DA:116,0
DA:127,0
DA:129,0
DA:131,0
DA:132,0
DA:140,0
DA:141,0
DA:144,0
DA:152,0
DA:171,0
DA:174,0
DA:177,0
DA:180,0
DA:183,0
DA:186,0
DA:189,0
DA:192,0
DA:195,0
LF:66
LH:0
end_of_record
SF:lib\services\PlacesService.dart
DA:16,0
DA:19,0
DA:26,0
DA:28,0
DA:34,0
DA:35,0
DA:36,0
DA:37,0
DA:38,0
DA:39,0
DA:47,0
DA:49,0
DA:50,0
DA:53,0
DA:55,0
DA:56,0
DA:57,0
DA:59,0
LF:18
LH:0
end_of_record
SF:lib\pages\google_signin.dart
DA:162,25
DA:164,0
DA:165,0
DA:173,0
DA:175,0
DA:176,0
DA:177,0
DA:182,0
DA:183,0
DA:184,0
DA:185,0
DA:186,0
DA:192,0
DA:196,0
DA:200,0
DA:201,0
DA:202,0
DA:203,0
DA:209,0
DA:216,0
DA:220,0
DA:222,0
DA:223,0
DA:226,0
DA:227,0
DA:228,0
DA:229,0
DA:233,0
DA:235,0
DA:236,0
DA:237,0
DA:239,0
DA:241,0
DA:242,0
DA:243,0
DA:248,0
DA:249,0
DA:256,0
DA:257,0
DA:258,0
DA:260,0
DA:261,0
DA:264,0
DA:267,0
DA:270,0
DA:282,0
DA:283,0
DA:284,0
DA:285,0
DA:286,0
DA:287,0
DA:288,0
DA:290,0
DA:292,0
DA:293,0
DA:294,0
DA:296,0
DA:297,0
DA:298,0
DA:299,0
DA:300,0
DA:304,0
DA:307,0
LF:63
LH:1
end_of_record
SF:lib\widgets\nav_bar.dart
DA:275,2
DA:280,2
DA:282,2
DA:284,6
DA:286,2
DA:295,2
DA:296,2
DA:300,1
DA:304,2
DA:306,0
DA:307,0
DA:308,0
DA:310,0
DA:315,6
DA:317,6
DA:319,6
DA:320,8
DA:324,0
DA:326,0
DA:327,0
DA:329,0
DA:331,0
DA:332,0
DA:333,0
DA:334,0
DA:336,0
DA:337,0
DA:338,0
DA:340,0
DA:341,0
DA:342,0
DA:344,0
DA:345,0
DA:346,0
DA:348,0
DA:351,0
DA:352,0
DA:354,0
DA:355,0
DA:356,0
DA:358,0
DA:359,0
DA:361,0
DA:362,0
LF:44
LH:13
end_of_record
SF:lib\utils.dart
DA:4,0
DA:5,0
DA:6,0
DA:8,0
DA:10,0
DA:13,3
DA:14,3
DA:19,3
DA:20,3
DA:21,6
DA:23,0
LF:11
LH:5
end_of_record
SF:lib\widgets\eventManagement_category.dart
DA:15,4
DA:17,2
DA:19,2
DA:26,2
DA:28,2
DA:29,6
DA:31,6
DA:32,2
DA:35,2
DA:37,4
DA:38,4
DA:40,2
DA:41,1
DA:42,1
DA:48,2
DA:49,2
DA:51,2
DA:52,4
DA:53,4
DA:54,6
DA:55,2
DA:56,2
DA:57,2
DA:59,2
DA:60,3
DA:61,2
DA:62,2
DA:63,2
DA:65,2
DA:66,2
DA:68,2
DA:69,2
DA:70,8
DA:71,2
DA:72,2
DA:73,2
DA:74,2
DA:76,2
DA:77,0
DA:78,0
DA:80,0
DA:81,0
DA:85,2
DA:86,4
DA:90,2
DA:91,2
DA:92,8
DA:93,2
DA:94,2
DA:95,2
DA:96,2
DA:98,2
DA:99,0
DA:100,0
DA:102,0
DA:103,0
DA:107,2
DA:108,4
DA:116,2
DA:117,2
DA:118,2
DA:119,2
DA:120,4
DA:121,2
DA:122,2
DA:123,2
DA:127,2
DA:128,0
DA:129,6
DA:130,2
DA:132,1
DA:133,1
DA:134,2
DA:135,0
DA:137,1
DA:138,0
DA:140,1
DA:141,1
DA:142,1
DA:143,1
DA:145,1
DA:146,1
LF:82
LH:71
end_of_record
SF:lib\widgets\Pastevents.dart
DA:15,2
DA:17,1
DA:18,1
DA:25,1
DA:27,1
DA:28,3
DA:29,3
DA:31,0
DA:34,2
DA:39,1
DA:41,1
DA:42,2
DA:43,2
DA:45,1
DA:46,1
DA:47,1
DA:49,1
DA:50,1
DA:51,1
DA:52,1
DA:54,1
DA:55,1
DA:57,1
DA:58,1
DA:59,4
DA:60,1
DA:61,1
DA:62,1
DA:63,1
DA:65,1
DA:66,0
DA:67,0
DA:69,0
DA:70,0
DA:74,1
DA:75,2
DA:79,1
DA:80,1
DA:81,4
DA:82,1
DA:83,1
DA:84,1
DA:85,1
DA:87,1
DA:88,0
DA:89,0
DA:91,0
DA:92,0
DA:96,1
DA:97,2
DA:105,1
DA:106,1
DA:107,1
DA:108,1
DA:109,1
DA:110,2
DA:111,1
DA:112,1
DA:113,1
DA:117,1
DA:118,2
DA:119,0
DA:120,0
DA:122,0
DA:123,0
DA:125,0
DA:126,0
DA:127,0
DA:130,0
DA:131,0
DA:132,0
DA:133,0
DA:134,0
LF:73
LH:52
end_of_record
SF:lib\screens\NotificationDetailScreen.dart
DA:16,2
DA:18,2
DA:20,2
DA:25,0
DA:26,0
DA:31,0
DA:32,0
DA:33,0
DA:36,0
DA:38,0
DA:39,0
DA:40,0
DA:42,0
DA:44,0
DA:47,0
DA:48,0
DA:49,0
DA:50,0
DA:52,0
DA:53,0
DA:56,0
DA:57,0
DA:62,0
DA:63,0
DA:64,0
DA:67,0
DA:70,0
DA:72,0
DA:74,0
DA:78,0
DA:79,0
DA:82,0
DA:83,0
DA:84,0
DA:89,0
DA:90,0
DA:91,0
DA:92,0
DA:95,2
DA:96,8
DA:97,4
DA:99,0
DA:103,0
DA:104,0
DA:105,0
DA:108,0
DA:109,0
DA:110,0
DA:111,0
DA:118,0
DA:119,0
DA:125,10
DA:127,0
DA:128,0
DA:129,0
DA:130,0
DA:131,0
DA:137,0
DA:138,0
DA:143,0
DA:144,0
DA:147,0
DA:152,0
DA:153,0
DA:154,0
DA:155,0
DA:164,0
DA:165,0
DA:166,0
DA:168,0
DA:170,0
DA:171,0
DA:172,0
DA:173,0
DA:174,0
DA:177,0
DA:178,0
DA:182,2
DA:184,8
DA:186,2
DA:187,2
DA:188,10
DA:189,2
DA:190,2
DA:191,2
DA:192,2
DA:196,2
DA:197,0
DA:198,0
DA:199,0
DA:203,2
DA:205,2
DA:207,2
DA:208,2
DA:209,2
DA:210,2
DA:212,2
DA:215,2
DA:217,2
DA:219,2
DA:220,2
DA:221,2
DA:222,8
DA:224,2
DA:225,6
DA:226,2
DA:230,2
DA:231,0
DA:232,0
DA:233,0
DA:234,0
DA:235,0
DA:236,0
DA:237,0
DA:242,9
DA:243,1
DA:244,1
DA:246,1
DA:247,3
DA:248,4
DA:249,1
DA:250,1
DA:251,1
DA:253,1
DA:254,1
DA:257,1
DA:259,4
DA:260,1
DA:261,0
DA:262,0
DA:263,0
DA:266,1
DA:268,1
DA:269,1
DA:272,1
DA:277,9
DA:278,1
DA:279,1
DA:280,1
DA:281,1
DA:283,1
DA:285,1
DA:287,1
DA:289,1
DA:291,8
DA:292,0
DA:293,0
DA:294,0
DA:295,0
DA:297,0
DA:298,0
LF:151
LH:62
end_of_record
SF:lib\widgets\notification_card.dart
DA:16,2
DA:27,0
DA:28,0
DA:29,0
DA:30,0
DA:31,0
DA:32,0
DA:33,0
DA:34,0
DA:35,0
DA:36,0
DA:37,0
DA:38,0
DA:42,0
DA:43,0
DA:44,0
DA:48,1
DA:50,10
LF:18
LH:3
end_of_record
SF:lib\pages\supabase_signup.dart
DA:17,50
DA:19,0
DA:20,0
DA:31,0
DA:33,0
DA:34,0
DA:35,0
DA:37,0
DA:42,0
DA:44,0
DA:45,0
DA:46,0
DA:47,0
DA:50,0
DA:52,0
DA:53,0
DA:54,0
DA:56,0
DA:59,0
DA:62,0
DA:64,0
DA:65,0
DA:69,0
DA:70,0
DA:71,0
DA:72,0
DA:79,0
DA:80,0
DA:81,0
DA:99,0
DA:100,0
DA:101,0
DA:102,0
DA:104,0
DA:106,0
DA:112,0
DA:115,0
DA:117,0
DA:118,0
DA:119,0
DA:121,0
DA:122,0
DA:127,0
DA:128,0
DA:129,0
DA:131,0
DA:132,0
DA:137,0
DA:138,0
DA:139,0
DA:141,0
DA:142,0
DA:148,0
DA:149,0
DA:151,0
DA:152,0
DA:153,0
DA:154,0
DA:155,0
DA:156,0
DA:157,0
DA:158,0
DA:160,0
DA:162,0
DA:163,0
DA:164,0
DA:165,0
DA:168,0
DA:170,0
DA:181,0
DA:182,0
DA:183,0
DA:184,0
DA:185,0
DA:186,0
DA:187,0
DA:188,0
DA:189,0
DA:190,0
DA:192,0
DA:193,0
DA:194,0
DA:195,0
DA:196,0
DA:198,0
DA:200,0
DA:201,0
DA:202,0
DA:203,0
DA:204,0
DA:205,0
DA:206,0
DA:208,0
DA:210,0
DA:211,0
DA:212,0
DA:215,0
DA:216,0
DA:217,0
DA:222,0
LF:100
LH:1
end_of_record
SF:lib\services\socket_client.dart
DA:21,0
DA:23,0
DA:24,0
DA:27,0
DA:28,0
DA:29,0
DA:33,0
DA:34,0
DA:37,0
DA:38,0
DA:41,0
DA:42,0
DA:44,0
DA:45,0
DA:47,0
DA:48,0
DA:49,0
DA:52,0
DA:57,0
DA:58,0
DA:61,0
DA:62,0
DA:65,0
DA:66,0
DA:68,0
DA:71,0
DA:72,0
DA:78,0
DA:79,0
LF:29
LH:0
end_of_record
SF:lib\pages\supabase_forgot_password.dart
DA:7,25
DA:9,0
DA:10,0
DA:19,0
DA:21,0
DA:22,0
DA:23,0
DA:25,0
DA:30,0
DA:32,0
DA:34,0
DA:35,0
DA:38,0
DA:40,0
DA:41,0
DA:42,0
DA:44,0
DA:47,0
DA:50,0
DA:52,0
DA:53,0
DA:57,0
DA:58,0
DA:59,0
DA:60,0
DA:67,0
DA:68,0
DA:69,0
DA:87,0
DA:88,0
DA:89,0
DA:90,0
DA:92,0
DA:94,0
DA:95,0
DA:96,0
DA:99,0
DA:102,0
DA:104,0
DA:105,0
DA:106,0
DA:108,0
DA:109,0
DA:116,0
DA:117,0
DA:119,0
DA:126,0
DA:130,0
DA:131,0
DA:132,0
DA:135,0
DA:136,0
DA:137,0
DA:138,0
DA:141,0
DA:142,0
DA:143,0
DA:162,0
DA:164,0
LF:59
LH:1
end_of_record
SF:lib\surveys\SurveyChooseCat_screen.dart
DA:12,1
DA:13,1
DA:20,1
DA:22,1
DA:23,1
DA:26,1
DA:27,1
DA:28,2
DA:29,2
DA:32,2
DA:33,2
DA:34,1
DA:37,2
DA:38,1
DA:41,1
DA:45,1
DA:46,2
DA:47,1
DA:51,1
DA:53,1
DA:54,1
DA:61,2
DA:62,3
DA:63,1
DA:64,1
DA:88,1
DA:89,1
DA:98,2
DA:99,1
DA:100,2
DA:101,1
DA:102,1
DA:103,2
DA:104,2
DA:107,1
DA:108,1
DA:109,1
DA:110,0
DA:112,1
DA:113,1
DA:114,1
DA:118,1
DA:119,1
DA:120,1
DA:121,1
DA:122,1
DA:134,1
DA:136,1
DA:137,1
DA:139,1
DA:151,0
DA:153,0
DA:156,0
DA:158,0
DA:159,0
DA:160,0
DA:161,0
DA:163,0
LF:58
LH:49
end_of_record
SF:lib\screens\FilterScreen.dart
DA:9,0
DA:10,0
DA:26,0
DA:28,0
DA:29,0
DA:31,0
DA:32,0
DA:35,0
DA:36,0
DA:40,0
DA:42,0
DA:44,0
DA:46,0
DA:47,0
DA:48,0
DA:50,0
DA:51,0
DA:52,0
DA:54,0
DA:56,0
DA:57,0
DA:58,0
DA:59,0
DA:62,0
DA:63,0
DA:64,0
DA:65,0
DA:68,0
DA:69,0
DA:70,0
DA:71,0
DA:74,0
DA:75,0
DA:77,0
DA:79,0
DA:80,0
DA:81,0
DA:82,0
DA:85,0
DA:89,0
DA:92,0
DA:93,0
DA:94,0
DA:95,0
DA:98,0
DA:102,0
DA:116,0
DA:117,0
DA:119,0
DA:120,0
DA:121,0
DA:122,0
DA:124,0
DA:125,0
DA:130,0
DA:131,0
DA:132,0
DA:133,0
DA:135,0
DA:136,0
DA:137,0
DA:139,0
DA:140,0
DA:141,0
DA:143,0
DA:144,0
DA:148,0
DA:149,0
DA:151,0
DA:152,0
DA:153,0
DA:156,0
DA:158,0
DA:159,0
DA:160,0
DA:162,0
DA:164,0
DA:165,0
DA:166,0
DA:167,0
DA:168,0
DA:170,0
DA:187,0
DA:188,0
DA:191,0
DA:192,0
DA:196,0
DA:197,0
DA:198,0
DA:199,0
DA:201,0
DA:202,0
DA:203,0
DA:205,0
DA:206,0
DA:207,0
DA:215,0
DA:216,0
DA:219,0
DA:222,0
DA:225,0
DA:228,0
DA:231,0
DA:238,0
DA:240,0
DA:241,0
DA:242,0
DA:246,0
DA:251,0
DA:252,0
DA:253,0
DA:254,0
DA:255,0
DA:259,0
DA:261,0
DA:262,0
LF:116
LH:0
end_of_record
SF:lib\widgets\FilteredResultScreen.dart
DA:9,0
DA:11,0
DA:12,0
DA:14,0
DA:15,0
DA:20,0
DA:22,0
DA:23,0
DA:24,0
DA:26,0
DA:27,0
DA:28,0
DA:30,0
DA:31,0
DA:32,0
DA:33,0
DA:34,0
DA:35,0
DA:36,0
DA:38,0
DA:39,0
DA:40,0
DA:41,0
DA:42,0
DA:44,0
DA:51,0
DA:52,0
DA:53,0
DA:54,0
DA:55,0
DA:56,0
DA:57,0
DA:62,0
LF:33
LH:0
end_of_record
SF:lib\screens\HostSearchScreenState.dart
DA:15,0
DA:17,0
DA:18,0
DA:30,0
DA:32,0
DA:33,0
DA:36,0
DA:37,0
DA:38,0
DA:39,0
DA:40,0
DA:41,0
DA:42,0
DA:46,0
DA:47,0
DA:48,0
DA:49,0
DA:50,0
DA:51,0
DA:52,0
DA:55,0
DA:57,0
DA:58,0
DA:59,0
DA:61,0
DA:63,0
DA:64,0
DA:65,0
DA:70,0
DA:71,0
DA:72,0
DA:73,0
DA:77,0
DA:78,0
DA:79,0
DA:80,0
DA:84,0
DA:85,0
DA:86,0
DA:87,0
DA:88,0
DA:90,0
DA:91,0
DA:92,0
DA:94,0
DA:98,0
DA:99,0
DA:100,0
DA:101,0
DA:102,0
DA:106,0
DA:107,0
DA:108,0
DA:109,0
DA:113,0
DA:115,0
DA:116,0
DA:119,0
DA:120,0
DA:121,0
DA:122,0
DA:126,0
DA:127,0
DA:128,0
DA:133,0
DA:135,0
DA:136,0
DA:137,0
DA:138,0
DA:139,0
DA:140,0
DA:141,0
DA:142,0
DA:146,0
DA:148,0
DA:150,0
DA:151,0
DA:152,0
DA:153,0
DA:155,0
DA:156,0
DA:157,0
DA:159,0
DA:161,0
DA:162,0
DA:163,0
DA:164,0
DA:165,0
DA:166,0
DA:167,0
DA:171,0
DA:172,0
DA:173,0
DA:174,0
DA:177,0
DA:180,0
DA:181,0
DA:183,0
DA:188,0
DA:189,0
DA:191,0
DA:192,0
DA:193,0
DA:195,0
DA:196,0
DA:197,0
DA:198,0
DA:199,0
DA:200,0
DA:201,0
DA:202,0
DA:204,0
DA:205,0
DA:208,0
DA:213,0
DA:214,0
DA:215,0
DA:216,0
DA:217,0
DA:218,0
DA:219,0
DA:220,0
DA:221,0
DA:222,0
LF:124
LH:0
end_of_record
SF:lib\widgets\SearchImageTile.dart
DA:8,0
DA:14,0
DA:16,0
DA:17,0
DA:18,0
DA:19,0
DA:20,0
DA:21,0
DA:22,0
DA:24,0
DA:27,0
DA:29,0
DA:30,0
DA:31,0
DA:32,0
DA:35,0
DA:37,0
DA:41,0
DA:42,0
DA:43,0
LF:20
LH:0
end_of_record
SF:lib\surveys\studentdetail_survey.dart
DA:12,2
DA:14,2
DA:15,2
DA:36,2
DA:38,2
DA:39,2
DA:42,2
DA:44,6
DA:46,6
DA:48,2
DA:49,2
DA:50,2
DA:51,4
DA:52,2
DA:54,2
DA:57,0
DA:58,0
DA:62,2
DA:64,2
DA:65,2
DA:66,2
DA:67,2
DA:70,2
DA:73,2
DA:74,2
DA:76,2
DA:78,2
DA:79,2
DA:80,1
DA:81,2
DA:82,1
DA:83,1
DA:84,0
DA:91,2
DA:92,2
DA:93,1
DA:95,1
DA:97,1
DA:99,1
DA:102,1
DA:103,3
DA:104,1
DA:106,1
DA:107,1
DA:109,1
DA:110,1
DA:111,2
DA:112,1
DA:119,2
DA:120,2
DA:121,2
DA:122,2
DA:124,2
DA:131,2
DA:132,0
DA:134,0
DA:135,0
DA:136,0
DA:147,0
DA:148,0
DA:149,0
DA:150,0
DA:155,0
DA:157,0
DA:159,0
DA:160,0
DA:161,0
DA:162,0
DA:163,0
DA:164,0
DA:168,0
DA:171,0
DA:175,0
DA:176,0
DA:177,0
DA:178,0
DA:182,0
DA:183,0
DA:184,0
DA:185,0
DA:187,0
DA:192,0
DA:193,0
DA:197,0
DA:198,0
DA:200,0
LF:86
LH:51
end_of_record
SF:lib\surveys\ThankYou_Survey.dart
DA:6,3
DA:8,1
DA:10,1
DA:11,1
DA:12,1
DA:14,1
DA:17,1
DA:50,1
DA:51,1
DA:53,3
DA:54,1
DA:56,3
DA:60,1
LF:13
LH:13
end_of_record
SF:lib\widgets\storage_manager.dart
DA:4,0
DA:5,0
DA:6,0
DA:7,0
DA:8,0
DA:9,0
DA:10,0
DA:11,0
DA:13,0
DA:17,0
DA:18,0
DA:19,0
DA:23,0
DA:24,0
DA:25,0
LF:15
LH:0
end_of_record
